details.html?z=0&x=5,http://badsite.com
sample.html,http://badsite.com
index.html?x=5&y=5,http://yahoo.co.jp
details.html,http://google.com
index.html?z=1,http://google.com
test.html,http://yahoo.co.jp
test.html,http://yahoo.co.jp
sample.html?x=1&y=4&z=1,http://google.com
test.html?x=5&y=2,
index.html?x=5&y=5,http://google.com
index.html?y=1&z=2,http://yahoo.co.jp
sample.html?y=3&x=2,http://yahoo.co.jp
sample.html?x=1&z=3,http://badsite.com
sample.html?z=3&x=2&y=0,http://badsite.com
sample.html?x=3,
sample.html,
details.html?y=0&z=3,http://google.com
test.html?y=0&z=3,http://google.com
test.html?x=0&y=1&z=1,http://yahoo.co.jp
details.html,http://badsite.com
details.html,http://google.com
details.html,http://badsite.com
test.html?z=4&y=1,http://yahoo.co.jp
details.html?z=4&y=1&x=0,
test.html,
test.html?z=2&y=1,http://badsite.com
sample.html?z=1&x=0,http://google.com
index.html?z=5&x=2&y=3,http://badsite.com
index.html?y=3&x=4&z=1,http://yahoo.co.jp
test.html?x=4&y=1&z=5,http://yahoo.co.jp
test.html?x=5&y=0,http://google.com
details.html,
details.html?x=5&y=2&z=5,http://yahoo.co.jp
sample.html,http://google.com
test.html?x=3&y=0,http://badsite.com
index.html,http://google.com
sample.html?z=0&y=0&x=5,http://google.com
test.html?y=5&x=2&z=2,http://google.com
index.html?z=0,
test.html?y=5&x=0,http://badsite.com
details.html,http://google.com
index.html?z=5&y=4&x=5,
details.html?y=4&z=3,
details.html?x=5,http://badsite.com
test.html?x=5,http://google.com
test.html,http://google.com
details.html?z=4&y=5&x=4,http://badsite.com
test.html,http://badsite.com
details.html,
details.html?z=4,http://yahoo.co.jp
index.html,http://google.com
details.html?x=2,
sample.html?z=0,http://badsite.com
index.html?z=3,http://yahoo.co.jp
details.html?y=0&z=2,http://google.com
sample.html?y=3,http://google.com
index.html?z=1&y=4&x=2,http://badsite.com
sample.html?z=4,http://google.com
sample.html?x=4&y=1&z=5,http://google.com
sample.html?z=4,http://google.com
index.html?y=0,http://yahoo.co.jp
sample.html?z=5,http://badsite.com
index.html?x=3,http://google.com
test.html,http://yahoo.co.jp
details.html?y=3,http://badsite.com
details.html?y=0&x=1,http://google.com
sample.html?z=1&x=2,
sample.html?z=2&x=3&y=5,http://badsite.com
test.html,http://badsite.com
details.html?z=1,
sample.html?x=3,http://yahoo.co.jp
sample.html,http://yahoo.co.jp
test.html?y=1&z=3&x=4,http://google.com
index.html?y=3,
index.html,http://yahoo.co.jp
index.html,
test.html?z=0,http://badsite.com
index.html?y=3&x=5,
sample.html,http://yahoo.co.jp
sample.html,http://yahoo.co.jp
sample.html,http://google.com
test.html?y=0&z=1,
index.html?x=4&y=1&z=1,http://badsite.com
index.html?y=0&x=0,http://yahoo.co.jp
sample.html?x=5,
sample.html?y=1,http://google.com
sample.html?z=2,http://yahoo.co.jp
details.html?y=1&z=4&x=1,http://badsite.com
sample.html?y=5,http://google.com
details.html?x=4&y=1,http://google.com
details.html?z=4,http://badsite.com
sample.html?z=4&y=0&x=5,
index.html?z=0&y=3,http://badsite.com
sample.html?y=1,http://badsite.com
index.html?y=4&x=1&z=3,http://badsite.com
details.html?z=1,
sample.html?y=3,http://yahoo.co.jp
test.html?z=0,
test.html,http://badsite.com
sample.html?z=3&x=4&y=0,http://yahoo.co.jp
